INFO:root:Loading checkpoint
INFO:root:Regression model loaded
INFO:root:Starting regression task
INFO:root:Test energy variance: 0.07867857813835144
INFO:root:Energy correlation plot saved at: ./results/energy_correlation.png
INFO:root:===> Length: 10000 10000
INFO:root:Energy comparison plot saved at: ./results/energy_comparison.png
INFO:root:tensor([20.,  1., 20.,  ...,  6.,  3.,  3.])
INFO:root:Histogram 1.0 keV saved at: ./results/energy_hist1.0_0.png
INFO:root:Histogram 3.0 keV saved at: ./results/energy_hist3.0_1.png
INFO:root:Histogram 6.0 keV saved at: ./results/energy_hist6.0_2.png
INFO:root:Histogram 10.0 keV saved at: ./results/energy_hist10.0_3.png
INFO:root:Histogram 20.0 keV saved at: ./results/energy_hist20.0_4.png
INFO:root:Histogram 30.0 keV saved at: ./results/energy_hist30.0_5.png
INFO:root:Loading checkpoint
INFO:root:Classification model loaded
INFO:root:Starting classification task
INFO:root:ROC plot saved at: ./results/roc_auc.png
INFO:root:Delong => ROC-AUC: 0.9988354291488191 variance: 2.5425233487206108e-08
INFO:root:MAE = 1.0484305620193481
INFO:root:AUC = 0.9988354291488191
